*******************************************************************
Scheduling Algorithm: Preemptive Priority
*******************************************************************
----------------------------------------------------------------------------------------------------------------------
| PID        | Arrival    | CPU-Burst  | Priority   | Finish     | Waiting    | Turnaround | Response   | C. Switches| 
----------------------------------------------------------------------------------------------------------------------
| 1          | 0          | 10         | 1          | 10         | 0          | 10         | 0          | 0          |
----------------------------------------------------------------------------------------------------------------------
| 2          | 1          | 10         | 2          | 20         | 9          | 19         | 9          | 0          |
----------------------------------------------------------------------------------------------------------------------
| 3          | 2          | 10         | 2          | 30         | 18         | 28         | 18         | 0          |
----------------------------------------------------------------------------------------------------------------------
| 4          | 3          | 10         | 2          | 40         | 27         | 37         | 27         | 0          |
----------------------------------------------------------------------------------------------------------------------
| 5          | 4          | 10         | 2          | 50         | 36         | 46         | 36         | 0          |
----------------------------------------------------------------------------------------------------------------------
| 6          | 5          | 10         | 2          | 60         | 45         | 55         | 45         | 0          |
----------------------------------------------------------------------------------------------------------------------
| 7          | 6          | 10         | 2          | 70         | 54         | 64         | 54         | 0          |
----------------------------------------------------------------------------------------------------------------------
| 8          | 7          | 10         | 2          | 80         | 63         | 73         | 63         | 0          |
----------------------------------------------------------------------------------------------------------------------
| 9          | 8          | 10         | 2          | 90         | 72         | 82         | 72         | 0          |
----------------------------------------------------------------------------------------------------------------------

Average CPU Burst Time: 10 ms		Average Waiting Time: 36 ms
Average Turnaround Time: 46 ms		Average Response Time: 36 ms
Total No. of Context Switching Performed: 0
